{"name": "Navbar with long surname", "status": "skipped", "statusDetails": {"message": "XFAIL\n\ncode.utils.decorators.TimeoutException: Method _click timeout out in 10sec with exception: Message: element not interactable\n  (Session info: chrome=100.0.4896.60)", "trace": "self = <code.ui.test.test_ui.TestMainPage object at 0x7fd1a5a47f70>\nlogin_page = <code.ui.pages.Login_page.LoginPage object at 0x7fd1a5a478e0>\nlink_name = <NavbarLinkNames.TCPDUMP_EXAMPLES: (9,)>\n\n    @allure.epic('UI tests')\n    @allure.title('Navbar with long surname')\n    @allure.description(\n        \"\"\"\n            Navbar with long surname\n            !BUG!\n        \"\"\"\n    )\n    @pytest.mark.noautologin\n    @pytest.mark.main\n    @pytest.mark.xfail\n    @pytest.mark.parametrize(\"link_name\", [\n        NavbarLinkNames.PYTHON_HISTORY,\n        NavbarLinkNames.FLASK,\n        NavbarLinkNames.CENTOS,\n        NavbarLinkNames.WIRESHARK_NEWS,\n        NavbarLinkNames.WIRESHARK_DOWNLOAD,\n        NavbarLinkNames.TCPDUMP_EXAMPLES])\n    def test_navbar_with_long_surname(self, login_page, link_name):\n        user = UserBuilder.create_user(length_surname=255)\n        self.builder.add_user(user.name, user.surname, user.username, user.email, user.password,\n                              user.Midddleename)\n        MP = login_page.login(user.username, user.password)\n>       MP.navbar_link(link_name)\n\nMP         = <code.ui.pages.Main_page.MainPage object at 0x7fd1a59dbac0>\nlink_name  = <NavbarLinkNames.TCPDUMP_EXAMPLES: (9,)>\nlogin_page = <code.ui.pages.Login_page.LoginPage object at 0x7fd1a5a478e0>\nself       = <code.ui.test.test_ui.TestMainPage object at 0x7fd1a5a47f70>\nuser       = User(name='jQrn8ZPqa5', surname='5wVf1vQN3kewNmbA63gHQSFiYmnYmtRKx9WtU4WwksOj7AzPezi5qosJ8K7N8VbtzOLAAtdyF3WQumy8p8UqS...D2YwLDmdWryA5InsXF0', Midddleename='79yipkdFOv', username='D3IiHCqU8T', email='MBxpDxhI1Fc@m.r', password='4fDmliPh2l')\n\ntmp/code/ui/test/test_ui.py:423: \n_ _ _ _ _ _ _ _ _ _ _ _ _ _ _ _ _ _ _ _ _ _ _ _ _ _ _ _ _ _ _ _ _ _ _ _ _ _ _ _ \ntmp/code/ui/pages/Main_page.py:21: in navbar_link\n    self.click(NavbarLinkButtonLocator.Items.get(link_name))\n        link_name  = <NavbarLinkNames.TCPDUMP_EXAMPLES: (9,)>\n        self       = <code.ui.pages.Main_page.MainPage object at 0x7fd1a59dbac0>\ntmp/code/ui/pages/Base_page.py:60: in click\n    return wait(_click, error=ElementNotInteractableException, check=True, timeout=timeout)\n        _click     = <function BasePage.click.<locals>._click at 0x7fd1a59ec550>\n        locator    = ('xpath', \"//a[@href='https://hackertarget.com/tcpdump-examples/']\")\n        self       = <code.ui.pages.Main_page.MainPage object at 0x7fd1a59dbac0>\n        timeout    = None\n_ _ _ _ _ _ _ _ _ _ _ _ _ _ _ _ _ _ _ _ _ _ _ _ _ _ _ _ _ _ _ _ _ _ _ _ _ _ _ _ \n\nmethod = <function BasePage.click.<locals>._click at 0x7fd1a59ec550>\nerror = <class 'selenium.common.exceptions.ElementNotInteractableException'>\ntimeout = 10, interval = 0.5, check = True, kwargs = {}\nstarted = 1660002772.5115619\nlast_exception = ElementNotInteractableException('element not interactable\\n  (Session info: chrome=100.0.4896.60)', None, None)\n\n    def wait(method, error=Exception, timeout=10, interval=0.5, check=False, **kwargs):\n        started = time.time()\n        if timeout is None:\n            timeout = 10\n        last_exception = None\n        while time.time() - started < timeout:\n            try:\n                result = method(**kwargs)\n                if check:\n                    if result:\n                        return result\n                    last_exception = f'Method {method.__name__} returned {result}'\n                else:\n                    return result\n            except error as e:\n                last_exception = e\n    \n            time.sleep(interval)\n    \n>       raise TimeoutException(f'Method {method.__name__} timeout out in {timeout}sec with exception: {last_exception}')\nE       code.utils.decorators.TimeoutException: Method _click timeout out in 10sec with exception: Message: element not interactable\nE         (Session info: chrome=100.0.4896.60)\n\ncheck      = True\nerror      = <class 'selenium.common.exceptions.ElementNotInteractableException'>\ninterval   = 0.5\nkwargs     = {}\nlast_exception = ElementNotInteractableException('element not interactable\\n  (Session info: chrome=100.0.4896.60)', None, None)\nmethod     = <function BasePage.click.<locals>._click at 0x7fd1a59ec550>\nstarted    = 1660002772.5115619\ntimeout    = 10\n\ntmp/code/utils/decorators.py:27: TimeoutException"}, "description": "\n            Navbar with long surname\n            !BUG!\n        ", "steps": [{"name": "Login 'D3IiHCqU8T', '4fDmliPh2l'", "status": "passed", "steps": [{"name": "Writing ('xpath', '//input[contains(@placeholder, \"Username\")]')", "status": "passed", "parameters": [{"name": "words", "value": "'D3IiHCqU8T'"}, {"name": "locator", "value": "('xpath', '//input[contains(@placeholder, \"Username\")]')"}, {"name": "timeout", "value": "None"}], "start": 1660002771403, "stop": 1660002771533}, {"name": "Writing ('xpath', '//input[contains(@placeholder, \"Password\")]')", "status": "passed", "parameters": [{"name": "words", "value": "'4fDmliPh2l'"}, {"name": "locator", "value": "('xpath', '//input[contains(@placeholder, \"Password\")]')"}, {"name": "timeout", "value": "None"}], "start": 1660002771533, "stop": 1660002771624}, {"name": "Clicking ('xpath', '//input[@type=\"submit\"]')", "status": "passed", "parameters": [{"name": "locator", "value": "('xpath', '//input[@type=\"submit\"]')"}, {"name": "timeout", "value": "None"}], "start": 1660002771624, "stop": 1660002772225}], "parameters": [{"name": "username", "value": "'D3IiHCqU8T'"}, {"name": "password", "value": "'4fDmliPh2l'"}], "start": 1660002771403, "stop": 1660002772233}, {"name": "Go to link from navbar", "status": "broken", "statusDetails": {"message": "code.utils.decorators.TimeoutException: Method _click timeout out in 10sec with exception: Message: element not interactable\n  (Session info: chrome=100.0.4896.60)\n\n", "trace": "  File \"/usr/local/lib/python3.8/site-packages/allure_commons/_allure.py\", line 172, in impl\n    return func(*a, **kw)\n  File \"/tmp/code/ui/pages/Main_page.py\", line 21, in navbar_link\n    self.click(NavbarLinkButtonLocator.Items.get(link_name))\n  File \"/usr/local/lib/python3.8/site-packages/allure_commons/_allure.py\", line 172, in impl\n    return func(*a, **kw)\n  File \"/tmp/code/ui/pages/Base_page.py\", line 60, in click\n    return wait(_click, error=ElementNotInteractableException, check=True, timeout=timeout)\n  File \"/tmp/code/utils/decorators.py\", line 27, in wait\n    raise TimeoutException(f'Method {method.__name__} timeout out in {timeout}sec with exception: {last_exception}')\n"}, "steps": [{"name": "Go to element ('xpath', \"//li[@class='uk-parent'][3]/a\")", "status": "passed", "parameters": [{"name": "locator", "value": "('xpath', \"//li[@class='uk-parent'][3]/a\")"}], "start": 1660002772233, "stop": 1660002772511}, {"name": "Clicking ('xpath', \"//a[@href='https://hackertarget.com/tcpdump-examples/']\")", "status": "broken", "statusDetails": {"message": "code.utils.decorators.TimeoutException: Method _click timeout out in 10sec with exception: Message: element not interactable\n  (Session info: chrome=100.0.4896.60)\n\n", "trace": "  File \"/usr/local/lib/python3.8/site-packages/allure_commons/_allure.py\", line 172, in impl\n    return func(*a, **kw)\n  File \"/tmp/code/ui/pages/Base_page.py\", line 60, in click\n    return wait(_click, error=ElementNotInteractableException, check=True, timeout=timeout)\n  File \"/tmp/code/utils/decorators.py\", line 27, in wait\n    raise TimeoutException(f'Method {method.__name__} timeout out in {timeout}sec with exception: {last_exception}')\n"}, "parameters": [{"name": "locator", "value": "('xpath', \"//a[@href='https://hackertarget.com/tcpdump-examples/']\")"}, {"name": "timeout", "value": "None"}], "start": 1660002772512, "stop": 1660002782727}], "parameters": [{"name": "link_name", "value": "<NavbarLinkNames.TCPDUMP_EXAMPLES: (9,)>"}], "start": 1660002772233, "stop": 1660002782727}], "parameters": [{"name": "link_name", "value": "<NavbarLinkNames.TCPDUMP_EXAMPLES: (9,)>"}], "start": 1660002771316, "stop": 1660002782727, "uuid": "31722387-2842-4d2d-b556-aa29a224957a", "historyId": "f252794defad2b95ebeb9251395717a3", "testCaseId": "ea91ffb30627d20c95614cf207a1e2f5", "fullName": "ui.test.test_ui.TestMainPage#test_navbar_with_long_surname", "labels": [{"name": "epic", "value": "UI tests"}, {"name": "tag", "value": "noautologin"}, {"name": "tag", "value": "@pytest.mark.xfail"}, {"name": "tag", "value": "main"}, {"name": "parentSuite", "value": "ui.test"}, {"name": "suite", "value": "test_ui"}, {"name": "subSuite", "value": "TestMainPage"}, {"name": "host", "value": "a79a7f58d1d5"}, {"name": "thread", "value": "26-MainThread"}, {"name": "framework", "value": "pytest"}, {"name": "language", "value": "cpython3"}, {"name": "package", "value": "ui.test.test_ui"}]}